c:\users\simon\onedrive\documents\githublocal\gameengine\minecraftclonecpp\minecraf.c8d46486\x64\debug\vc143.pdb
c:\users\simon\onedrive\documents\githublocal\gameengine\minecraftclonecpp\minecraf.c8d46486\x64\debug\vc143.idb
c:\users\simon\onedrive\documents\githublocal\gameengine\minecraftclonecpp\minecraf.c8d46486\x64\debug\player.obj
c:\users\simon\onedrive\documents\githublocal\gameengine\minecraftclonecpp\minecraf.c8d46486\x64\debug\oinputsystem.obj
c:\users\simon\onedrive\documents\githublocal\gameengine\minecraftclonecpp\minecraf.c8d46486\x64\debug\ouniformbuffer.obj
c:\users\simon\onedrive\documents\githublocal\gameengine\minecraftclonecpp\minecraf.c8d46486\x64\debug\oshaderprogram.obj
c:\users\simon\onedrive\documents\githublocal\gameengine\minecraftclonecpp\minecraf.c8d46486\x64\debug\overtexarrayobject.obj
c:\users\simon\onedrive\documents\githublocal\gameengine\minecraftclonecpp\minecraf.c8d46486\x64\debug\main.obj
c:\users\simon\onedrive\documents\githublocal\gameengine\minecraftclonecpp\minecraf.c8d46486\x64\debug\owindow.obj
c:\users\simon\onedrive\documents\githublocal\gameengine\minecraftclonecpp\minecraf.c8d46486\x64\debug\otime.obj
c:\users\simon\onedrive\documents\githublocal\gameengine\minecraftclonecpp\minecraf.c8d46486\x64\debug\stb_image.obj
c:\users\simon\onedrive\documents\githublocal\gameengine\minecraftclonecpp\minecraf.c8d46486\x64\debug\cwin32graphicsengine.obj
c:\users\simon\onedrive\documents\githublocal\gameengine\minecraftclonecpp\minecraf.c8d46486\x64\debug\world.obj
c:\users\simon\onedrive\documents\githublocal\gameengine\minecraftclonecpp\minecraf.c8d46486\x64\debug\ographicsengine.obj
c:\users\simon\onedrive\documents\githublocal\gameengine\minecraftclonecpp\minecraf.c8d46486\x64\debug\chunk.obj
c:\users\simon\onedrive\documents\githublocal\gameengine\minecraftclonecpp\minecraf.c8d46486\x64\debug\ogame.obj
c:\users\simon\onedrive\documents\githublocal\gameengine\minecraftclonecpp\minecraf.c8d46486\x64\debug\simplexnoise.obj
c:\users\simon\onedrive\documents\githublocal\gameengine\minecraftclonecpp\minecraf.c8d46486\x64\debug\glad_wgl.obj
c:\users\simon\onedrive\documents\githublocal\gameengine\minecraftclonecpp\minecraf.c8d46486\x64\debug\glad.obj
c:\users\simon\onedrive\documents\githublocal\gameengine\minecraftclonecpp\x64\debug\minecraftclonecpp.exe
c:\users\simon\onedrive\documents\githublocal\gameengine\minecraftclonecpp\x64\debug\minecraftclonecpp.pdb
c:\users\simon\onedrive\documents\githublocal\gameengine\minecraftclonecpp\minecraf.c8d46486\x64\debug\minecraftclonecpp.ilk
c:\users\simon\onedrive\documents\githublocal\gameengine\minecraftclonecpp\minecraf.c8d46486\x64\debug\scope.vcxproj.cppwinrt_comp.rsp
c:\users\simon\onedrive\documents\githublocal\gameengine\minecraftclonecpp\minecraf.c8d46486\x64\debug\scope.vcxproj.cppwinrt_plat.rsp
c:\users\simon\onedrive\documents\githublocal\gameengine\minecraftclonecpp\minecraf.c8d46486\x64\debug\scope.vcxproj.mdmerge.rsp
c:\users\simon\onedrive\documents\githublocal\gameengine\minecraftclonecpp\minecraf.c8d46486\x64\debug\scope.vcxproj.midlrt.rsp
c:\users\simon\onedrive\documents\githublocal\gameengine\minecraftclonecpp\minecraf.c8d46486\x64\debug\minecraf.c8d46486.tlog\cl.command.1.tlog
c:\users\simon\onedrive\documents\githublocal\gameengine\minecraftclonecpp\minecraf.c8d46486\x64\debug\minecraf.c8d46486.tlog\cl.items.tlog
c:\users\simon\onedrive\documents\githublocal\gameengine\minecraftclonecpp\minecraf.c8d46486\x64\debug\minecraf.c8d46486.tlog\cl.read.1.tlog
c:\users\simon\onedrive\documents\githublocal\gameengine\minecraftclonecpp\minecraf.c8d46486\x64\debug\minecraf.c8d46486.tlog\cl.write.1.tlog
c:\users\simon\onedrive\documents\githublocal\gameengine\minecraftclonecpp\minecraf.c8d46486\x64\debug\minecraf.c8d46486.tlog\link.command.1.tlog
c:\users\simon\onedrive\documents\githublocal\gameengine\minecraftclonecpp\minecraf.c8d46486\x64\debug\minecraf.c8d46486.tlog\link.read.1.tlog
c:\users\simon\onedrive\documents\githublocal\gameengine\minecraftclonecpp\minecraf.c8d46486\x64\debug\minecraf.c8d46486.tlog\link.secondary.1.tlog
c:\users\simon\onedrive\documents\githublocal\gameengine\minecraftclonecpp\minecraf.c8d46486\x64\debug\minecraf.c8d46486.tlog\link.write.1.tlog
